<?xml version="1.0" encoding="UTF-8"?>
<testng-results ignored="0" total="1" passed="1" failed="0" skipped="0">
  <reporter-output>
    <line>
      <![CDATA[Launching Browser]]>
    </line>
    <line>
      <![CDATA[sending username]]>
    </line>
    <line>
      <![CDATA[sending password]]>
    </line>
    <line>
      <![CDATA[Sending pin]]>
    </line>
    <line>
      <![CDATA[click on continuebutton]]>
    </line>
    <line>
      <![CDATA[Actual and Expected UN TC PASSED ]]>
    </line>
    <line>
      <![CDATA[logging out]]>
    </line>
    <line>
      <![CDATA[closing browser]]>
    </line>
  </reporter-output>
  <suite started-at="2022-07-08T20:02:20 IST" name="Default suite" finished-at="2022-07-08T20:02:41 IST" duration-ms="20894">
    <groups>
    </groups>
    <test started-at="2022-07-08T20:02:20 IST" name="Default test" finished-at="2022-07-08T20:02:41 IST" duration-ms="20894">
      <class name="kitePomUsingTestNg.ValidateKiteAppUsername">
        <test-method is-config="true" signature="LaunchBrowser()[pri:0, instance:kitePomUsingTestNg.ValidateKiteAppUsername@1e4f4a5c]" started-at="2022-07-08T20:02:20 IST" name="LaunchBrowser" finished-at="2022-07-08T20:02:35 IST" duration-ms="15142" status="PASS">
          <reporter-output>
            <line>
              <![CDATA[Launching Browser]]>
            </line>
          </reporter-output>
        </test-method> <!-- LaunchBrowser -->
        <test-method is-config="true" signature="LoginToKiteApp()[pri:0, instance:kitePomUsingTestNg.ValidateKiteAppUsername@1e4f4a5c]" started-at="2022-07-08T20:02:35 IST" name="LoginToKiteApp" finished-at="2022-07-08T20:02:36 IST" duration-ms="490" status="PASS">
          <reporter-output>
            <line>
              <![CDATA[sending username]]>
            </line>
            <line>
              <![CDATA[sending password]]>
            </line>
            <line>
              <![CDATA[Sending pin]]>
            </line>
            <line>
              <![CDATA[click on continuebutton]]>
            </line>
          </reporter-output>
        </test-method> <!-- LoginToKiteApp -->
        <test-method signature="ValidateUserName()[pri:0, instance:kitePomUsingTestNg.ValidateKiteAppUsername@1e4f4a5c]" started-at="2022-07-08T20:02:36 IST" name="ValidateUserName" finished-at="2022-07-08T20:02:37 IST" duration-ms="793" status="PASS">
          <reporter-output>
            <line>
              <![CDATA[Actual and Expected UN TC PASSED ]]>
            </line>
          </reporter-output>
        </test-method> <!-- ValidateUserName -->
        <test-method is-config="true" signature="logoutfromKiteApp()[pri:0, instance:kitePomUsingTestNg.ValidateKiteAppUsername@1e4f4a5c]" started-at="2022-07-08T20:02:37 IST" name="logoutfromKiteApp" finished-at="2022-07-08T20:02:40 IST" duration-ms="3200" status="PASS">
          <reporter-output>
            <line>
              <![CDATA[logging out]]>
            </line>
          </reporter-output>
        </test-method> <!-- logoutfromKiteApp -->
        <test-method is-config="true" signature="closeBrowser()[pri:0, instance:kitePomUsingTestNg.ValidateKiteAppUsername@1e4f4a5c]" started-at="2022-07-08T20:02:40 IST" name="closeBrowser" finished-at="2022-07-08T20:02:41 IST" duration-ms="1226" status="PASS">
          <reporter-output>
            <line>
              <![CDATA[closing browser]]>
            </line>
          </reporter-output>
        </test-method> <!-- closeBrowser -->
      </class> <!-- kitePomUsingTestNg.ValidateKiteAppUsername -->
    </test> <!-- Default test -->
  </suite> <!-- Default suite -->
</testng-results>
